# JRE version: OpenJDK Runtime Environment (8.0_202) (build 1.8.0_202-release-1483-b39-5396753)
# Java VM: OpenJDK 64-Bit Server VM (25.202-b39-5396753 mixed mode linux-amd64 compressed oops)
Heap:
 PSYoungGen      total 399360K, used 68445K [0x00000000e0000000, 0x0000000100000000, 0x0000000100000000)
  eden space 274432K, 10% used [0x00000000e0000000,0x00000000e1d2eda8,0x00000000f0c00000)
  from space 124928K, 30% used [0x00000000f0c00000,0x00000000f31a8958,0x00000000f8600000)
  to   space 117760K, 0% used [0x00000000f8d00000,0x00000000f8d00000,0x0000000100000000)
 ParOldGen       total 312320K, used 230856K [0x00000000a0000000, 0x00000000b3100000, 0x00000000e0000000)
  object space 312320K, 73% used [0x00000000a0000000,0x00000000ae172130,0x00000000b3100000)
 Metaspace       used 105863K, capacity 111075K, committed 111360K, reserved 1146880K
  class space    used 13039K, capacity 14015K, committed 14080K, reserved 1048576K
GC Heap History (10 events):
Event: 3823,513 GC heap before
{Heap before GC invocations=71 (full 8):
 PSYoungGen      total 385024K, used 323040K [0x00000000e0000000, 0x00000000fec80000, 0x0000000100000000)
  eden space 274944K, 100% used [0x00000000e0000000,0x00000000f0c80000,0x00000000f0c80000)
  from space 110080K, 43% used [0x00000000f8100000,0x00000000faff8240,0x00000000fec80000)
  to   space 114688K, 0% used [0x00000000f0c80000,0x00000000f0c80000,0x00000000f7c80000)
 ParOldGen       total 312320K, used 112962K [0x00000000a0000000, 0x00000000b3100000, 0x00000000e0000000)
  object space 312320K, 36% used [0x00000000a0000000,0x00000000a6e50a88,0x00000000b3100000)
 Metaspace       used 105580K, capacity 110803K, committed 111104K, reserved 1146880K
  class space    used 13025K, capacity 14001K, committed 14080K, reserved 1048576K
Event: 3823,577 GC heap after
Heap after GC invocations=71 (full 8):
 PSYoungGen      total 389632K, used 33870K [0x00000000e0000000, 0x00000000ff980000, 0x0000000100000000)
  eden space 274944K, 0% used [0x00000000e0000000,0x00000000e0000000,0x00000000f0c80000)
  from space 114688K, 29% used [0x00000000f0c80000,0x00000000f2d93b08,0x00000000f7c80000)
  to   space 109056K, 0% used [0x00000000f8f00000,0x00000000f8f00000,0x00000000ff980000)
 ParOldGen       total 312320K, used 112962K [0x00000000a0000000, 0x00000000b3100000, 0x00000000e0000000)
  object space 312320K, 36% used [0x00000000a0000000,0x00000000a6e50a88,0x00000000b3100000)
 Metaspace       used 105580K, capacity 110803K, committed 111104K, reserved 1146880K
  class space    used 13025K, capacity 14001K, committed 14080K, reserved 1048576K
}
Event: 3825,776 GC heap before
{Heap before GC invocations=72 (full 8):
 PSYoungGen      total 389632K, used 308571K [0x00000000e0000000, 0x00000000ff980000, 0x0000000100000000)
  eden space 274944K, 99% used [0x00000000e0000000,0x00000000f0c43400,0x00000000f0c80000)
  from space 114688K, 29% used [0x00000000f0c80000,0x00000000f2d93b08,0x00000000f7c80000)
  to   space 109056K, 0% used [0x00000000f8f00000,0x00000000f8f00000,0x00000000ff980000)
 ParOldGen       total 312320K, used 112962K [0x00000000a0000000, 0x00000000b3100000, 0x00000000e0000000)
  object space 312320K, 36% used [0x00000000a0000000,0x00000000a6e50a88,0x00000000b3100000)
 Metaspace       used 105605K, capacity 110825K, committed 111104K, reserved 1146880K
  class space    used 13026K, capacity 14004K, committed 14080K, reserved 1048576K
Event: 3825,862 GC heap after
Heap after GC invocations=72 (full 8):
 PSYoungGen      total 404480K, used 22111K [0x00000000e0000000, 0x00000000ff480000, 0x0000000100000000)
  eden space 300544K, 0% used [0x00000000e0000000,0x00000000e0000000,0x00000000f2580000)
  from space 103936K, 21% used [0x00000000f8f00000,0x00000000fa497e18,0x00000000ff480000)
  to   space 105984K, 0% used [0x00000000f2580000,0x00000000f2580000,0x00000000f8d00000)
 ParOldGen       total 312320K, used 130640K [0x00000000a0000000, 0x00000000b3100000, 0x00000000e0000000)
  object space 312320K, 41% used [0x00000000a0000000,0x00000000a7f94278,0x00000000b3100000)
 Metaspace       used 105605K, capacity 110825K, committed 111104K, reserved 1146880K
  class space    used 13026K, capacity 14004K, committed 14080K, reserved 1048576K
}
Event: 3828,420 GC heap before
{Heap before GC invocations=73 (full 8):
 PSYoungGen      total 404480K, used 322655K [0x00000000e0000000, 0x00000000ff480000, 0x0000000100000000)
  eden space 300544K, 100% used [0x00000000e0000000,0x00000000f2580000,0x00000000f2580000)
  from space 103936K, 21% used [0x00000000f8f00000,0x00000000fa497e18,0x00000000ff480000)
  to   space 105984K, 0% used [0x00000000f2580000,0x00000000f2580000,0x00000000f8d00000)
 ParOldGen       total 312320K, used 130640K [0x00000000a0000000, 0x00000000b3100000, 0x00000000e0000000)
  object space 312320K, 41% used [0x00000000a0000000,0x00000000a7f94278,0x00000000b3100000)
 Metaspace       used 105627K, capacity 110825K, committed 111104K, reserved 1146880K
  class space    used 13026K, capacity 14004K, committed 14080K, reserved 1048576K
Event: 3828,456 GC heap after
Heap after GC invocations=73 (full 8):
 PSYoungGen      total 406528K, used 8101K [0x00000000e0000000, 0x0000000100000000, 0x0000000100000000)
  eden space 300544K, 0% used [0x00000000e0000000,0x00000000e0000000,0x00000000f2580000)
  from space 105984K, 7% used [0x00000000f2580000,0x00000000f2d695f0,0x00000000f8d00000)
  to   space 104960K, 0% used [0x00000000f9980000,0x00000000f9980000,0x0000000100000000)
 ParOldGen       total 312320K, used 132634K [0x00000000a0000000, 0x00000000b3100000, 0x00000000e0000000)
  object space 312320K, 42% used [0x00000000a0000000,0x00000000a8186918,0x00000000b3100000)
 Metaspace       used 105627K, capacity 110825K, committed 111104K, reserved 1146880K
  class space    used 13026K, capacity 14004K, committed 14080K, reserved 1048576K
}
Event: 3833,972 GC heap before
{Heap before GC invocations=74 (full 8):
 PSYoungGen      total 406528K, used 308645K [0x00000000e0000000, 0x0000000100000000, 0x0000000100000000)
  eden space 300544K, 100% used [0x00000000e0000000,0x00000000f2580000,0x00000000f2580000)
  from space 105984K, 7% used [0x00000000f2580000,0x00000000f2d695f0,0x00000000f8d00000)
  to   space 104960K, 0% used [0x00000000f9980000,0x00000000f9980000,0x0000000100000000)
 ParOldGen       total 312320K, used 132634K [0x00000000a0000000, 0x00000000b3100000, 0x00000000e0000000)
  object space 312320K, 42% used [0x00000000a0000000,0x00000000a8186918,0x00000000b3100000)
 Metaspace       used 105728K, capacity 110929K, committed 111104K, reserved 1146880K
  class space    used 13035K, capacity 14012K, committed 14080K, reserved 1048576K
Event: 3834,323 GC heap after
Heap after GC invocations=74 (full 8):
 PSYoungGen      total 379392K, used 104956K [0x00000000e0000000, 0x0000000100000000, 0x0000000100000000)
  eden space 274432K, 0% used [0x00000000e0000000,0x00000000e0000000,0x00000000f0c00000)
  from space 104960K, 99% used [0x00000000f9980000,0x00000000fffff210,0x0000000100000000)
  to   space 124928K, 0% used [0x00000000f0c00000,0x00000000f0c00000,0x00000000f8600000)
 ParOldGen       total 312320K, used 137808K [0x00000000a0000000, 0x00000000b3100000, 0x00000000e0000000)
  object space 312320K, 44% used [0x00000000a0000000,0x00000000a86943c8,0x00000000b3100000)
 Metaspace       used 105728K, capacity 110929K, committed 111104K, reserved 1146880K
  class space    used 13035K, capacity 14012K, committed 14080K, reserved 1048576K
}
Event: 3837,648 GC heap before
{Heap before GC invocations=75 (full 8):
 PSYoungGen      total 379392K, used 379388K [0x00000000e0000000, 0x0000000100000000, 0x0000000100000000)
  eden space 274432K, 100% used [0x00000000e0000000,0x00000000f0c00000,0x00000000f0c00000)
  from space 104960K, 99% used [0x00000000f9980000,0x00000000fffff210,0x0000000100000000)
  to   space 124928K, 0% used [0x00000000f0c00000,0x00000000f0c00000,0x00000000f8600000)
 ParOldGen       total 312320K, used 137808K [0x00000000a0000000, 0x00000000b3100000, 0x00000000e0000000)
  object space 312320K, 44% used [0x00000000a0000000,0x00000000a86943c8,0x00000000b3100000)
 Metaspace       used 105843K, capacity 111075K, committed 111360K, reserved 1146880K
  class space    used 13039K, capacity 14015K, committed 14080K, reserved 1048576K
Event: 3837,945 GC heap after
Heap after GC invocations=75 (full 8):
 PSYoungGen      total 399360K, used 38562K [0x00000000e0000000, 0x0000000100000000, 0x0000000100000000)
  eden space 274432K, 0% used [0x00000000e0000000,0x00000000e0000000,0x00000000f0c00000)
  from space 124928K, 30% used [0x00000000f0c00000,0x00000000f31a8958,0x00000000f8600000)
  to   space 117760K, 0% used [0x00000000f8d00000,0x00000000f8d00000,0x0000000100000000)
 ParOldGen       total 312320K, used 230856K [0x00000000a0000000, 0x00000000b3100000, 0x00000000e0000000)
  object space 312320K, 73% used [0x00000000a0000000,0x00000000ae172130,0x00000000b3100000)
 Metaspace       used 105843K, capacity 111075K, committed 111360K, reserved 1146880K
  class space    used 13039K, capacity 14015K, committed 14080K, reserved 1048576K
}

